<?xml version="1.0" encoding="UTF-8"?>
<!-- Generated by org.testng.reporters.JUnitReportReporter -->
<testsuite hostname="DESKTOP-IM24LGN" name="integrate.api.Sample" tests="1" failures="0" timestamp="2 Nov 2022 02:44:45 GMT" time="3.760" errors="0">
  <testcase name="createUser" time="3.760" classname="integrate.api.Sample"/>
</testsuite> <!-- integrate.api.Sample -->
