<?xml version="1.0" encoding="UTF-8"?>
<!-- Generated by org.testng.reporters.JUnitReportReporter -->
<testsuite hostname="DESKTOP-IM24LGN" name="integrate.api.Get" tests="1" failures="0" timestamp="3 Nov 2022 07:43:08 GMT" time="3.963" errors="0">
  <testcase name="getUser" time="3.963" classname="integrate.api.Get"/>
</testsuite> <!-- integrate.api.Get -->
