<?xml version="1.0" encoding="UTF-8"?>
<!-- Generated by org.testng.reporters.JUnitReportReporter -->
<testsuite hostname="DESKTOP-IM24LGN" name="integrate.api.PostManBasicAuthLogin" tests="9" failures="0" timestamp="6 Nov 2022 11:06:37 GMT" time="6.838" errors="0">
  <testcase name="BasicAuthenication" time="3.526" classname="integrate.api.PostManBasicAuthLogin"/>
  <testcase name="addUserAddress" time="0.315" classname="integrate.api.PostManBasicAuthLogin"/>
  <testcase name="getUserAddress" time="0.334" classname="integrate.api.PostManBasicAuthLogin"/>
  <testcase name="deleteUserAddress" time="0.352" classname="integrate.api.PostManBasicAuthLogin"/>
  <testcase name="searchProduct" time="0.333" classname="integrate.api.PostManBasicAuthLogin"/>
  <testcase name="getStateList" time="0.322" classname="integrate.api.PostManBasicAuthLogin"/>
  <testcase name="getCityList" time="0.660" classname="integrate.api.PostManBasicAuthLogin"/>
  <testcase name="changeProfilePic" time="0.704" classname="integrate.api.PostManBasicAuthLogin"/>
  <testcase name="updateUserAddress" time="0.292" classname="integrate.api.PostManBasicAuthLogin"/>
</testsuite> <!-- integrate.api.PostManBasicAuthLogin -->
